<?xml version="1.0" encoding="UTF-8"?>
<testsuite name="be.heh.entity.TestEmployee" tests="2" skipped="0" failures="0" errors="0" timestamp="2019-10-22T08:48:36" hostname="MSI" time="0.116">
  <properties/>
  <testcase name="createSalariedEmployee" classname="be.heh.entity.TestEmployee" time="0.026"/>
  <testcase name="createHourlyEmployee" classname="be.heh.entity.TestEmployee" time="0.089"/>
  <system-out><![CDATA[]]></system-out>
  <system-err><![CDATA[]]></system-err>
</testsuite>
